Run directory to be analyzed:	/gpfs/mnt/gpfs01/astro/workarea/ccdtest/test/LCA-11021_RTM/LCA-11021_RTM-005-Dev/4876D/fe55_raft_acq/
Output will be written to:	/gpfs/mnt/gpfs01/astro/www/vrastil/TS8_Data_Analysis/Noise_studies/RTM-2/
Loading images...
Loaded 10 images (for 2 run(s)) totaling 90 files.
Analyzing run 4876D/FE55_BIAS/v0/28490/
Analyzing image 0 (1/3)...
Creating outdir '/gpfs/mnt/gpfs01/astro/www/vrastil/TS8_Data_Analysis/Noise_studies/RTM-2/4876D/FE55_BIAS/v0/28490/20170427_035334/'
Getting data...
Saving data...
Creating outdir '/gpfs/mnt/gpfs01/astro/www/vrastil/TS8_Data_Analysis/Noise_studies/RTM-2/4876D/FE55_BIAS/v0/28490/20170427_035334/data/'
Plotting...
Analyzing image 3 (2/3)...
Creating outdir '/gpfs/mnt/gpfs01/astro/www/vrastil/TS8_Data_Analysis/Noise_studies/RTM-2/4876D/FE55_BIAS/v0/28490/20170427_035453/'
Getting data...
Saving data...
Creating outdir '/gpfs/mnt/gpfs01/astro/www/vrastil/TS8_Data_Analysis/Noise_studies/RTM-2/4876D/FE55_BIAS/v0/28490/20170427_035453/data/'
Plotting...
Analyzing image 4 (3/3)...
Creating outdir '/gpfs/mnt/gpfs01/astro/www/vrastil/TS8_Data_Analysis/Noise_studies/RTM-2/4876D/FE55_BIAS/v0/28490/20170427_035354/'
Getting data...
Saving data...
Creating outdir '/gpfs/mnt/gpfs01/astro/www/vrastil/TS8_Data_Analysis/Noise_studies/RTM-2/4876D/FE55_BIAS/v0/28490/20170427_035354/data/'
Plotting...
All images from run processed!
Creating summary file and plot...
Analyzing run 4876D/FE55_FE55/v0/28490/
Analyzing image 1 (1/3)...
Creating outdir '/gpfs/mnt/gpfs01/astro/www/vrastil/TS8_Data_Analysis/Noise_studies/RTM-2/4876D/FE55_FE55/v0/28490/20170427_035745/'
Getting data...
Saving data...
Creating outdir '/gpfs/mnt/gpfs01/astro/www/vrastil/TS8_Data_Analysis/Noise_studies/RTM-2/4876D/FE55_FE55/v0/28490/20170427_035745/data/'
Plotting...
Analyzing image 2 (2/3)...
Creating outdir '/gpfs/mnt/gpfs01/astro/www/vrastil/TS8_Data_Analysis/Noise_studies/RTM-2/4876D/FE55_FE55/v0/28490/20170427_040451/'
Getting data...
Saving data...
Creating outdir '/gpfs/mnt/gpfs01/astro/www/vrastil/TS8_Data_Analysis/Noise_studies/RTM-2/4876D/FE55_FE55/v0/28490/20170427_040451/data/'
Plotting...
Analyzing image 4 (3/3)...
Creating outdir '/gpfs/mnt/gpfs01/astro/www/vrastil/TS8_Data_Analysis/Noise_studies/RTM-2/4876D/FE55_FE55/v0/28490/20170427_040820/'
Getting data...
Saving data...
Creating outdir '/gpfs/mnt/gpfs01/astro/www/vrastil/TS8_Data_Analysis/Noise_studies/RTM-2/4876D/FE55_FE55/v0/28490/20170427_040820/data/'
Plotting...
All images from run processed!
Creating summary file and plot...
Everything done!
Run directory to be analyzed:	/gpfs/mnt/gpfs01/astro/workarea/ccdtest/test/LCA-11021_RTM/LCA-11021_RTM-005-Dev/4881D/fe55_raft_acq/
Output will be written to:	/gpfs/mnt/gpfs01/astro/www/vrastil/TS8_Data_Analysis/Noise_studies/RTM-2/
Loading images...
Loaded 10 images (for 2 run(s)) totaling 90 files.
Analyzing run 4881D/FE55_BIAS/v0/28528/
Analyzing image 1 (1/3)...
Creating outdir '/gpfs/mnt/gpfs01/astro/www/vrastil/TS8_Data_Analysis/Noise_studies/RTM-2/4881D/FE55_BIAS/v0/28528/20170430_041712/'
Getting data...
Saving data...
Creating outdir '/gpfs/mnt/gpfs01/astro/www/vrastil/TS8_Data_Analysis/Noise_studies/RTM-2/4881D/FE55_BIAS/v0/28528/20170430_041712/data/'
Plotting...
Analyzing image 2 (2/3)...
Creating outdir '/gpfs/mnt/gpfs01/astro/www/vrastil/TS8_Data_Analysis/Noise_studies/RTM-2/4881D/FE55_BIAS/v0/28528/20170430_041631/'
Getting data...
Saving data...
Creating outdir '/gpfs/mnt/gpfs01/astro/www/vrastil/TS8_Data_Analysis/Noise_studies/RTM-2/4881D/FE55_BIAS/v0/28528/20170430_041631/data/'
Plotting...
Analyzing image 4 (3/3)...
Creating outdir '/gpfs/mnt/gpfs01/astro/www/vrastil/TS8_Data_Analysis/Noise_studies/RTM-2/4881D/FE55_BIAS/v0/28528/20170430_041610/'
Getting data...
Saving data...
Creating outdir '/gpfs/mnt/gpfs01/astro/www/vrastil/TS8_Data_Analysis/Noise_studies/RTM-2/4881D/FE55_BIAS/v0/28528/20170430_041610/data/'
Plotting...
All images from run processed!
Creating summary file and plot...
Analyzing run 4881D/FE55_FE55/v0/28528/
Analyzing image 0 (1/3)...
Creating outdir '/gpfs/mnt/gpfs01/astro/www/vrastil/TS8_Data_Analysis/Noise_studies/RTM-2/4881D/FE55_FE55/v0/28528/20170430_042007/'
Getting data...
Saving data...
Creating outdir '/gpfs/mnt/gpfs01/astro/www/vrastil/TS8_Data_Analysis/Noise_studies/RTM-2/4881D/FE55_FE55/v0/28528/20170430_042007/data/'
Plotting...
Analyzing image 1 (2/3)...
Creating outdir '/gpfs/mnt/gpfs01/astro/www/vrastil/TS8_Data_Analysis/Noise_studies/RTM-2/4881D/FE55_FE55/v0/28528/20170430_043418/'
Getting data...
Saving data...
Creating outdir '/gpfs/mnt/gpfs01/astro/www/vrastil/TS8_Data_Analysis/Noise_studies/RTM-2/4881D/FE55_FE55/v0/28528/20170430_043418/data/'
Plotting...
Analyzing image 4 (3/3)...
Creating outdir '/gpfs/mnt/gpfs01/astro/www/vrastil/TS8_Data_Analysis/Noise_studies/RTM-2/4881D/FE55_FE55/v0/28528/20170430_042336/'
Getting data...
Saving data...
Creating outdir '/gpfs/mnt/gpfs01/astro/www/vrastil/TS8_Data_Analysis/Noise_studies/RTM-2/4881D/FE55_FE55/v0/28528/20170430_042336/data/'
Plotting...
All images from run processed!
Creating summary file and plot...
Everything done!
Run directory to be analyzed:	/gpfs/mnt/gpfs01/astro/workarea/ccdtest/test/LCA-11021_RTM/LCA-11021_RTM-005-Dev/4892D/fe55_raft_acq/
Output will be written to:	/gpfs/mnt/gpfs01/astro/www/vrastil/TS8_Data_Analysis/Noise_studies/RTM-2/
Loading images...
Loaded 10 images (for 2 run(s)) totaling 90 files.
Analyzing run 4892D/FE55_FE55/v0/28703/
Analyzing image 0 (1/3)...
Creating outdir '/gpfs/mnt/gpfs01/astro/www/vrastil/TS8_Data_Analysis/Noise_studies/RTM-2/4892D/FE55_FE55/v0/28703/20170502_073906/'
Getting data...
Saving data...
Creating outdir '/gpfs/mnt/gpfs01/astro/www/vrastil/TS8_Data_Analysis/Noise_studies/RTM-2/4892D/FE55_FE55/v0/28703/20170502_073906/data/'
Plotting...
Analyzing image 1 (2/3)...
Creating outdir '/gpfs/mnt/gpfs01/astro/www/vrastil/TS8_Data_Analysis/Noise_studies/RTM-2/4892D/FE55_FE55/v0/28703/20170502_074249/'
Getting data...
Saving data...
Creating outdir '/gpfs/mnt/gpfs01/astro/www/vrastil/TS8_Data_Analysis/Noise_studies/RTM-2/4892D/FE55_FE55/v0/28703/20170502_074249/data/'
Plotting...
Analyzing image 3 (3/3)...
Creating outdir '/gpfs/mnt/gpfs01/astro/www/vrastil/TS8_Data_Analysis/Noise_studies/RTM-2/4892D/FE55_FE55/v0/28703/20170502_074953/'
Getting data...
Saving data...
Creating outdir '/gpfs/mnt/gpfs01/astro/www/vrastil/TS8_Data_Analysis/Noise_studies/RTM-2/4892D/FE55_FE55/v0/28703/20170502_074953/data/'
Plotting...
All images from run processed!
Creating summary file and plot...
Analyzing run 4892D/FE55_BIAS/v0/28703/
Analyzing image 0 (1/3)...
Creating outdir '/gpfs/mnt/gpfs01/astro/www/vrastil/TS8_Data_Analysis/Noise_studies/RTM-2/4892D/FE55_BIAS/v0/28703/20170502_073528/'
Getting data...
Saving data...
Creating outdir '/gpfs/mnt/gpfs01/astro/www/vrastil/TS8_Data_Analysis/Noise_studies/RTM-2/4892D/FE55_BIAS/v0/28703/20170502_073528/data/'
Plotting...
Analyzing image 1 (2/3)...
Creating outdir '/gpfs/mnt/gpfs01/astro/www/vrastil/TS8_Data_Analysis/Noise_studies/RTM-2/4892D/FE55_BIAS/v0/28703/20170502_073608/'
Getting data...
Saving data...
Creating outdir '/gpfs/mnt/gpfs01/astro/www/vrastil/TS8_Data_Analysis/Noise_studies/RTM-2/4892D/FE55_BIAS/v0/28703/20170502_073608/data/'
Plotting...
Analyzing image 3 (3/3)...
Creating outdir '/gpfs/mnt/gpfs01/astro/www/vrastil/TS8_Data_Analysis/Noise_studies/RTM-2/4892D/FE55_BIAS/v0/28703/20170502_073547/'
Getting data...
Saving data...
Creating outdir '/gpfs/mnt/gpfs01/astro/www/vrastil/TS8_Data_Analysis/Noise_studies/RTM-2/4892D/FE55_BIAS/v0/28703/20170502_073547/data/'
Plotting...
All images from run processed!
Creating summary file and plot...
Everything done!
