Run directory to be analyzed:	/gpfs/mnt/gpfs01/astro/workarea/ccdtest/test/LCA-11021_RTM/LCA-11021_RTM-004_ETU2-Dev/4733D/sflat_raft_acq/
Output will be written to:	/gpfs/mnt/gpfs01/astro/www/vrastil/TS8_Data_Analysis/Noise_studies/
Loading images...
Loaded 10 images (for 1 run(s)) totaling 90 files.
Analyzing run 4733D/SFLAT_500_FLAT/
Analyzing image 3 (1/3)...
Creating outdir '/gpfs/mnt/gpfs01/astro/www/vrastil/TS8_Data_Analysis/Noise_studies/4733D/SFLAT_500_FLAT/20170321_124712/'
Analyzing image 5 (2/3)...
Creating outdir '/gpfs/mnt/gpfs01/astro/www/vrastil/TS8_Data_Analysis/Noise_studies/4733D/SFLAT_500_FLAT/20170321_125932/'
Analyzing image 6 (3/3)...
Creating outdir '/gpfs/mnt/gpfs01/astro/www/vrastil/TS8_Data_Analysis/Noise_studies/4733D/SFLAT_500_FLAT/20170321_124543/'
All images from run processed!
Creating summary file and plot...
Everything done!
Run directory to be analyzed:	/gpfs/mnt/gpfs01/astro/workarea/ccdtest/test/LCA-11021_RTM/LCA-11021_RTM-004_ETU2-Dev/4735D/fe55_raft_acq/
Output will be written to:	/gpfs/mnt/gpfs01/astro/www/vrastil/TS8_Data_Analysis/Noise_studies/
Loading images...
Loaded 11 images (for 2 run(s)) totaling 99 files.
Analyzing run 4735D/FE55_FE55/
Analyzing image 0 (1/1)...
Creating outdir '/gpfs/mnt/gpfs01/astro/www/vrastil/TS8_Data_Analysis/Noise_studies/4735D/FE55_FE55/20170321_164850/'
All images from run processed!
Creating summary file and plot...
WARNING! Only one row in '/gpfs/mnt/gpfs01/astro/www/vrastil/TS8_Data_Analysis/Noise_studies/4735D/FE55_FE55/hist_summary.dat'. Summary is not plotting.

Analyzing run 4735D/FE55_BIAS/
Analyzing image 0 (1/3)...
Creating outdir '/gpfs/mnt/gpfs01/astro/www/vrastil/TS8_Data_Analysis/Noise_studies/4735D/FE55_BIAS/20170321_164123/'
Analyzing image 1 (2/3)...
Creating outdir '/gpfs/mnt/gpfs01/astro/www/vrastil/TS8_Data_Analysis/Noise_studies/4735D/FE55_BIAS/20170321_164320/'
Analyzing image 7 (3/3)...
Creating outdir '/gpfs/mnt/gpfs01/astro/www/vrastil/TS8_Data_Analysis/Noise_studies/4735D/FE55_BIAS/20170321_164233/'
All images from run processed!
Creating summary file and plot...
Everything done!
Run directory to be analyzed:	/gpfs/mnt/gpfs01/astro/workarea/ccdtest/test/LCA-11021_RTM/LCA-11021_RTM-004_ETU2-Dev/4736D/fe55_raft_acq/
Output will be written to:	/gpfs/mnt/gpfs01/astro/www/vrastil/TS8_Data_Analysis/Noise_studies/
Loading images...
Loaded 20 images (for 2 run(s)) totaling 180 files.
Analyzing run 4736D/FE55_FE55/
Analyzing image 3 (1/3)...
Creating outdir '/gpfs/mnt/gpfs01/astro/www/vrastil/TS8_Data_Analysis/Noise_studies/4736D/FE55_FE55/20170321_175805/'
Analyzing image 6 (2/3)...
Creating outdir '/gpfs/mnt/gpfs01/astro/www/vrastil/TS8_Data_Analysis/Noise_studies/4736D/FE55_FE55/20170321_174708/'
Analyzing image 8 (3/3)...
Creating outdir '/gpfs/mnt/gpfs01/astro/www/vrastil/TS8_Data_Analysis/Noise_studies/4736D/FE55_FE55/20170321_174141/'
All images from run processed!
Creating summary file and plot...
Analyzing run 4736D/FE55_BIAS/
Analyzing image 2 (1/3)...
Creating outdir '/gpfs/mnt/gpfs01/astro/www/vrastil/TS8_Data_Analysis/Noise_studies/4736D/FE55_BIAS/20170321_170211/'
Analyzing image 6 (2/3)...
Creating outdir '/gpfs/mnt/gpfs01/astro/www/vrastil/TS8_Data_Analysis/Noise_studies/4736D/FE55_BIAS/20170321_170322/'
Analyzing image 8 (3/3)...
Creating outdir '/gpfs/mnt/gpfs01/astro/www/vrastil/TS8_Data_Analysis/Noise_studies/4736D/FE55_BIAS/20170321_170016/'
All images from run processed!
Creating summary file and plot...
Everything done!
Run directory to be analyzed:	/gpfs/mnt/gpfs01/astro/workarea/ccdtest/test/LCA-11021_RTM/LCA-11021_RTM-004_ETU2-Dev/4736D/sflat_raft_acq/
Output will be written to:	/gpfs/mnt/gpfs01/astro/www/vrastil/TS8_Data_Analysis/Noise_studies/
Loading images...
Loaded 10 images (for 1 run(s)) totaling 90 files.
Analyzing run 4736D/SFLAT_500_FLAT/
Analyzing image 0 (1/3)...
Creating outdir '/gpfs/mnt/gpfs01/astro/www/vrastil/TS8_Data_Analysis/Noise_studies/4736D/SFLAT_500_FLAT/20170321_182143/'
Analyzing image 2 (2/3)...
Creating outdir '/gpfs/mnt/gpfs01/astro/www/vrastil/TS8_Data_Analysis/Noise_studies/4736D/SFLAT_500_FLAT/20170321_182849/'
Analyzing image 4 (3/3)...
Creating outdir '/gpfs/mnt/gpfs01/astro/www/vrastil/TS8_Data_Analysis/Noise_studies/4736D/SFLAT_500_FLAT/20170321_181838/'
All images from run processed!
Creating summary file and plot...
Everything done!
Run directory to be analyzed:	/gpfs/mnt/gpfs01/astro/workarea/ccdtest/test/LCA-11021_RTM/LCA-11021_RTM-004_ETU2-Dev/4737D/fe55_raft_acq/
Output will be written to:	/gpfs/mnt/gpfs01/astro/www/vrastil/TS8_Data_Analysis/Noise_studies/
Loading images...
Loaded 11 images (for 2 run(s)) totaling 99 files.
Analyzing run 4737D/FE55_BIAS/
Analyzing image 0 (1/3)...
Creating outdir '/gpfs/mnt/gpfs01/astro/www/vrastil/TS8_Data_Analysis/Noise_studies/4737D/FE55_BIAS/20170322_023706/'
Analyzing image 1 (2/3)...
Creating outdir '/gpfs/mnt/gpfs01/astro/www/vrastil/TS8_Data_Analysis/Noise_studies/4737D/FE55_BIAS/20170322_023442/'
Analyzing image 3 (3/3)...
Creating outdir '/gpfs/mnt/gpfs01/astro/www/vrastil/TS8_Data_Analysis/Noise_studies/4737D/FE55_BIAS/20170322_023356/'
All images from run processed!
Creating summary file and plot...
Analyzing run 4737D/FE55_FE55/
Analyzing image 0 (1/1)...
Creating outdir '/gpfs/mnt/gpfs01/astro/www/vrastil/TS8_Data_Analysis/Noise_studies/4737D/FE55_FE55/20170322_023835/'
All images from run processed!
Creating summary file and plot...
WARNING! Only one row in '/gpfs/mnt/gpfs01/astro/www/vrastil/TS8_Data_Analysis/Noise_studies/4737D/FE55_FE55/hist_summary.dat'. Summary is not plotting.

Everything done!
Run directory to be analyzed:	/gpfs/mnt/gpfs01/astro/workarea/ccdtest/test/LCA-11021_RTM/LCA-11021_RTM-004_ETU2-Dev/4738D/fe55_raft_acq/
Output will be written to:	/gpfs/mnt/gpfs01/astro/www/vrastil/TS8_Data_Analysis/Noise_studies/
Loading images...
Loaded 11 images (for 2 run(s)) totaling 99 files.
Analyzing run 4738D/FE55_BIAS/
Analyzing image 0 (1/3)...
Creating outdir '/gpfs/mnt/gpfs01/astro/www/vrastil/TS8_Data_Analysis/Noise_studies/4738D/FE55_BIAS/20170322_024536/'
Analyzing image 1 (2/3)...
Creating outdir '/gpfs/mnt/gpfs01/astro/www/vrastil/TS8_Data_Analysis/Noise_studies/4738D/FE55_BIAS/20170322_024819/'
Analyzing image 7 (3/3)...
Creating outdir '/gpfs/mnt/gpfs01/astro/www/vrastil/TS8_Data_Analysis/Noise_studies/4738D/FE55_BIAS/20170322_024447/'
All images from run processed!
Creating summary file and plot...
Analyzing run 4738D/FE55_FE55/
Analyzing image 0 (1/1)...
Creating outdir '/gpfs/mnt/gpfs01/astro/www/vrastil/TS8_Data_Analysis/Noise_studies/4738D/FE55_FE55/20170322_024923/'
All images from run processed!
Creating summary file and plot...
WARNING! Only one row in '/gpfs/mnt/gpfs01/astro/www/vrastil/TS8_Data_Analysis/Noise_studies/4738D/FE55_FE55/hist_summary.dat'. Summary is not plotting.

Everything done!
Run directory to be analyzed:	/gpfs/mnt/gpfs01/astro/workarea/ccdtest/test/LCA-11021_RTM/LCA-11021_RTM-004_ETU2-Dev/4739D/fe55_raft_acq/
Output will be written to:	/gpfs/mnt/gpfs01/astro/www/vrastil/TS8_Data_Analysis/Noise_studies/
Loading images...
Loaded 11 images (for 2 run(s)) totaling 99 files.
Analyzing run 4739D/FE55_FE55/
Analyzing image 0 (1/1)...
Creating outdir '/gpfs/mnt/gpfs01/astro/www/vrastil/TS8_Data_Analysis/Noise_studies/4739D/FE55_FE55/20170322_030104/'
All images from run processed!
Creating summary file and plot...
WARNING! Only one row in '/gpfs/mnt/gpfs01/astro/www/vrastil/TS8_Data_Analysis/Noise_studies/4739D/FE55_FE55/hist_summary.dat'. Summary is not plotting.

Analyzing run 4739D/FE55_BIAS/
Analyzing image 0 (1/3)...
Creating outdir '/gpfs/mnt/gpfs01/astro/www/vrastil/TS8_Data_Analysis/Noise_studies/4739D/FE55_BIAS/20170322_025739/'
Analyzing image 5 (2/3)...
Creating outdir '/gpfs/mnt/gpfs01/astro/www/vrastil/TS8_Data_Analysis/Noise_studies/4739D/FE55_BIAS/20170322_025913/'
Analyzing image 6 (3/3)...
Creating outdir '/gpfs/mnt/gpfs01/astro/www/vrastil/TS8_Data_Analysis/Noise_studies/4739D/FE55_BIAS/20170322_025627/'
All images from run processed!
Creating summary file and plot...
Everything done!
Run directory to be analyzed:	/gpfs/mnt/gpfs01/astro/workarea/ccdtest/test/LCA-11021_RTM/LCA-11021_RTM-004_ETU2-Dev/4740D/fe55_raft_acq/
Output will be written to:	/gpfs/mnt/gpfs01/astro/www/vrastil/TS8_Data_Analysis/Noise_studies/
Loading images...
Loaded 11 images (for 2 run(s)) totaling 99 files.
Analyzing run 4740D/FE55_FE55/
Analyzing image 0 (1/1)...
Creating outdir '/gpfs/mnt/gpfs01/astro/www/vrastil/TS8_Data_Analysis/Noise_studies/4740D/FE55_FE55/20170322_030931/'
All images from run processed!
Creating summary file and plot...
WARNING! Only one row in '/gpfs/mnt/gpfs01/astro/www/vrastil/TS8_Data_Analysis/Noise_studies/4740D/FE55_FE55/hist_summary.dat'. Summary is not plotting.

Analyzing run 4740D/FE55_BIAS/
Analyzing image 6 (1/3)...
Creating outdir '/gpfs/mnt/gpfs01/astro/www/vrastil/TS8_Data_Analysis/Noise_studies/4740D/FE55_BIAS/20170322_030630/'
Analyzing image 7 (2/3)...
Creating outdir '/gpfs/mnt/gpfs01/astro/www/vrastil/TS8_Data_Analysis/Noise_studies/4740D/FE55_BIAS/20170322_030739/'
Analyzing image 8 (3/3)...
Creating outdir '/gpfs/mnt/gpfs01/astro/www/vrastil/TS8_Data_Analysis/Noise_studies/4740D/FE55_BIAS/20170322_030654/'
All images from run processed!
Creating summary file and plot...
Everything done!
Run directory to be analyzed:	/gpfs/mnt/gpfs01/astro/workarea/ccdtest/test/LCA-11021_RTM/LCA-11021_RTM-004_ETU2-Dev/4741D/fe55_raft_acq/
Output will be written to:	/gpfs/mnt/gpfs01/astro/www/vrastil/TS8_Data_Analysis/Noise_studies/
Loading images...
Loaded 11 images (for 2 run(s)) totaling 99 files.
Analyzing run 4741D/FE55_BIAS/
Analyzing image 0 (1/3)...
Creating outdir '/gpfs/mnt/gpfs01/astro/www/vrastil/TS8_Data_Analysis/Noise_studies/4741D/FE55_BIAS/20170322_031404/'
Analyzing image 7 (2/3)...
Creating outdir '/gpfs/mnt/gpfs01/astro/www/vrastil/TS8_Data_Analysis/Noise_studies/4741D/FE55_BIAS/20170322_031427/'
Analyzing image 8 (3/3)...
Creating outdir '/gpfs/mnt/gpfs01/astro/www/vrastil/TS8_Data_Analysis/Noise_studies/4741D/FE55_BIAS/20170322_031537/'
All images from run processed!
Creating summary file and plot...
Analyzing run 4741D/FE55_FE55/
Analyzing image 0 (1/1)...
Creating outdir '/gpfs/mnt/gpfs01/astro/www/vrastil/TS8_Data_Analysis/Noise_studies/4741D/FE55_FE55/20170322_031705/'
All images from run processed!
Creating summary file and plot...
WARNING! Only one row in '/gpfs/mnt/gpfs01/astro/www/vrastil/TS8_Data_Analysis/Noise_studies/4741D/FE55_FE55/hist_summary.dat'. Summary is not plotting.

Everything done!
Run directory to be analyzed:	/gpfs/mnt/gpfs01/astro/workarea/ccdtest/test/LCA-11021_RTM/LCA-11021_RTM-004_ETU2-Dev/4742D/fe55_raft_acq/
Output will be written to:	/gpfs/mnt/gpfs01/astro/www/vrastil/TS8_Data_Analysis/Noise_studies/
Loading images...
Loaded 11 images (for 2 run(s)) totaling 99 files.
Analyzing run 4742D/FE55_BIAS/
Analyzing image 2 (1/3)...
Creating outdir '/gpfs/mnt/gpfs01/astro/www/vrastil/TS8_Data_Analysis/Noise_studies/4742D/FE55_BIAS/20170322_032110/'
Analyzing image 8 (2/3)...
Creating outdir '/gpfs/mnt/gpfs01/astro/www/vrastil/TS8_Data_Analysis/Noise_studies/4742D/FE55_BIAS/20170322_032351/'
Analyzing image 9 (3/3)...
Creating outdir '/gpfs/mnt/gpfs01/astro/www/vrastil/TS8_Data_Analysis/Noise_studies/4742D/FE55_BIAS/20170322_032242/'
All images from run processed!
Creating summary file and plot...
Analyzing run 4742D/FE55_FE55/
Analyzing image 0 (1/1)...
Creating outdir '/gpfs/mnt/gpfs01/astro/www/vrastil/TS8_Data_Analysis/Noise_studies/4742D/FE55_FE55/20170322_032453/'
All images from run processed!
Creating summary file and plot...
WARNING! Only one row in '/gpfs/mnt/gpfs01/astro/www/vrastil/TS8_Data_Analysis/Noise_studies/4742D/FE55_FE55/hist_summary.dat'. Summary is not plotting.

Everything done!
Run directory to be analyzed:	/gpfs/mnt/gpfs01/astro/workarea/ccdtest/test/LCA-11021_RTM/LCA-11021_RTM-004_ETU2-Dev/4743D/fe55_raft_acq/
Output will be written to:	/gpfs/mnt/gpfs01/astro/www/vrastil/TS8_Data_Analysis/Noise_studies/
Loading images...
Loaded 11 images (for 2 run(s)) totaling 99 files.
Analyzing run 4743D/FE55_BIAS/
Analyzing image 2 (1/3)...
Creating outdir '/gpfs/mnt/gpfs01/astro/www/vrastil/TS8_Data_Analysis/Noise_studies/4743D/FE55_BIAS/20170322_032936/'
Analyzing image 7 (2/3)...
Creating outdir '/gpfs/mnt/gpfs01/astro/www/vrastil/TS8_Data_Analysis/Noise_studies/4743D/FE55_BIAS/20170322_033049/'
Analyzing image 8 (3/3)...
Creating outdir '/gpfs/mnt/gpfs01/astro/www/vrastil/TS8_Data_Analysis/Noise_studies/4743D/FE55_BIAS/20170322_032849/'
All images from run processed!
Creating summary file and plot...
Analyzing run 4743D/FE55_FE55/
Analyzing image 0 (1/1)...
Creating outdir '/gpfs/mnt/gpfs01/astro/www/vrastil/TS8_Data_Analysis/Noise_studies/4743D/FE55_FE55/20170322_033242/'
All images from run processed!
Creating summary file and plot...
WARNING! Only one row in '/gpfs/mnt/gpfs01/astro/www/vrastil/TS8_Data_Analysis/Noise_studies/4743D/FE55_FE55/hist_summary.dat'. Summary is not plotting.

Everything done!
Run directory to be analyzed:	/gpfs/mnt/gpfs01/astro/workarea/ccdtest/test/LCA-11021_RTM/LCA-11021_RTM-004_ETU2-Dev/4744D/fe55_raft_acq/
Output will be written to:	/gpfs/mnt/gpfs01/astro/www/vrastil/TS8_Data_Analysis/Noise_studies/
Loading images...
Loaded 11 images (for 2 run(s)) totaling 99 files.
Analyzing run 4744D/FE55_FE55/
Analyzing image 0 (1/1)...
Creating outdir '/gpfs/mnt/gpfs01/astro/www/vrastil/TS8_Data_Analysis/Noise_studies/4744D/FE55_FE55/20170322_034041/'
All images from run processed!
Creating summary file and plot...
WARNING! Only one row in '/gpfs/mnt/gpfs01/astro/www/vrastil/TS8_Data_Analysis/Noise_studies/4744D/FE55_FE55/hist_summary.dat'. Summary is not plotting.

Analyzing run 4744D/FE55_BIAS/
Analyzing image 1 (1/3)...
Creating outdir '/gpfs/mnt/gpfs01/astro/www/vrastil/TS8_Data_Analysis/Noise_studies/4744D/FE55_BIAS/20170322_033645/'
Analyzing image 5 (2/3)...
Creating outdir '/gpfs/mnt/gpfs01/astro/www/vrastil/TS8_Data_Analysis/Noise_studies/4744D/FE55_BIAS/20170322_033909/'
Analyzing image 6 (3/3)...
Creating outdir '/gpfs/mnt/gpfs01/astro/www/vrastil/TS8_Data_Analysis/Noise_studies/4744D/FE55_BIAS/20170322_033846/'
All images from run processed!
Creating summary file and plot...
Everything done!
Run directory to be analyzed:	/gpfs/mnt/gpfs01/astro/workarea/ccdtest/test/LCA-11021_RTM/LCA-11021_RTM-004_ETU2-Dev/4745D/fe55_raft_acq/
Output will be written to:	/gpfs/mnt/gpfs01/astro/www/vrastil/TS8_Data_Analysis/Noise_studies/
Loading images...
Loaded 11 images (for 2 run(s)) totaling 99 files.
Analyzing run 4745D/FE55_FE55/
Analyzing image 0 (1/1)...
Creating outdir '/gpfs/mnt/gpfs01/astro/www/vrastil/TS8_Data_Analysis/Noise_studies/4745D/FE55_FE55/20170322_035928/'
All images from run processed!
Creating summary file and plot...
WARNING! Only one row in '/gpfs/mnt/gpfs01/astro/www/vrastil/TS8_Data_Analysis/Noise_studies/4745D/FE55_FE55/hist_summary.dat'. Summary is not plotting.

Analyzing run 4745D/FE55_BIAS/
Analyzing image 1 (1/3)...
Creating outdir '/gpfs/mnt/gpfs01/astro/www/vrastil/TS8_Data_Analysis/Noise_studies/4745D/FE55_BIAS/20170322_035535/'
Analyzing image 2 (2/3)...
Creating outdir '/gpfs/mnt/gpfs01/astro/www/vrastil/TS8_Data_Analysis/Noise_studies/4745D/FE55_BIAS/20170322_035822/'
Analyzing image 3 (3/3)...
Creating outdir '/gpfs/mnt/gpfs01/astro/www/vrastil/TS8_Data_Analysis/Noise_studies/4745D/FE55_BIAS/20170322_035621/'
All images from run processed!
Creating summary file and plot...
Everything done!
Run directory to be analyzed:	/gpfs/mnt/gpfs01/astro/workarea/ccdtest/test/LCA-11021_RTM/LCA-11021_RTM-004_ETU2-Dev/4746D/fe55_raft_acq/
Output will be written to:	/gpfs/mnt/gpfs01/astro/www/vrastil/TS8_Data_Analysis/Noise_studies/
Loading images...
Loaded 11 images (for 2 run(s)) totaling 99 files.
Analyzing run 4746D/FE55_BIAS/
Analyzing image 1 (1/3)...
Creating outdir '/gpfs/mnt/gpfs01/astro/www/vrastil/TS8_Data_Analysis/Noise_studies/4746D/FE55_BIAS/20170322_040618/'
Analyzing image 3 (2/3)...
Creating outdir '/gpfs/mnt/gpfs01/astro/www/vrastil/TS8_Data_Analysis/Noise_studies/4746D/FE55_BIAS/20170322_040553/'
Analyzing image 8 (3/3)...
Creating outdir '/gpfs/mnt/gpfs01/astro/www/vrastil/TS8_Data_Analysis/Noise_studies/4746D/FE55_BIAS/20170322_040727/'
All images from run processed!
Creating summary file and plot...
Analyzing run 4746D/FE55_FE55/
Analyzing image 0 (1/1)...
Creating outdir '/gpfs/mnt/gpfs01/astro/www/vrastil/TS8_Data_Analysis/Noise_studies/4746D/FE55_FE55/20170322_040941/'
All images from run processed!
Creating summary file and plot...
WARNING! Only one row in '/gpfs/mnt/gpfs01/astro/www/vrastil/TS8_Data_Analysis/Noise_studies/4746D/FE55_FE55/hist_summary.dat'. Summary is not plotting.

Everything done!
Run directory to be analyzed:	/gpfs/mnt/gpfs01/astro/workarea/ccdtest/test/LCA-11021_RTM/LCA-11021_RTM-004_ETU2-Dev/4747D/fe55_raft_acq/
Output will be written to:	/gpfs/mnt/gpfs01/astro/www/vrastil/TS8_Data_Analysis/Noise_studies/
Loading images...
Loaded 11 images (for 2 run(s)) totaling 99 files.
Analyzing run 4747D/FE55_FE55/
Analyzing image 0 (1/1)...
Creating outdir '/gpfs/mnt/gpfs01/astro/www/vrastil/TS8_Data_Analysis/Noise_studies/4747D/FE55_FE55/20170322_041956/'
All images from run processed!
Creating summary file and plot...
WARNING! Only one row in '/gpfs/mnt/gpfs01/astro/www/vrastil/TS8_Data_Analysis/Noise_studies/4747D/FE55_FE55/hist_summary.dat'. Summary is not plotting.

Analyzing run 4747D/FE55_BIAS/
Analyzing image 4 (1/3)...
Creating outdir '/gpfs/mnt/gpfs01/astro/www/vrastil/TS8_Data_Analysis/Noise_studies/4747D/FE55_BIAS/20170322_041832/'
Analyzing image 6 (2/3)...
Creating outdir '/gpfs/mnt/gpfs01/astro/www/vrastil/TS8_Data_Analysis/Noise_studies/4747D/FE55_BIAS/20170322_041854/'
Analyzing image 9 (3/3)...
Creating outdir '/gpfs/mnt/gpfs01/astro/www/vrastil/TS8_Data_Analysis/Noise_studies/4747D/FE55_BIAS/20170322_041605/'
All images from run processed!
Creating summary file and plot...
Everything done!
Run directory to be analyzed:	/gpfs/mnt/gpfs01/astro/workarea/ccdtest/test/LCA-11021_RTM/LCA-11021_RTM-004_ETU2-Dev/4749D/dark_raft_acq/
Output will be written to:	/gpfs/mnt/gpfs01/astro/www/vrastil/TS8_Data_Analysis/Noise_studies/
Loading images...
Loaded 10 images (for 2 run(s)) totaling 90 files.
Analyzing run 4749D/DARK_BIAS/
Analyzing image 0 (1/3)...
Creating outdir '/gpfs/mnt/gpfs01/astro/www/vrastil/TS8_Data_Analysis/Noise_studies/4749D/DARK_BIAS/20170322_165851/'
Analyzing image 1 (2/3)...
Creating outdir '/gpfs/mnt/gpfs01/astro/www/vrastil/TS8_Data_Analysis/Noise_studies/4749D/DARK_BIAS/20170322_165804/'
Analyzing image 3 (3/3)...
Creating outdir '/gpfs/mnt/gpfs01/astro/www/vrastil/TS8_Data_Analysis/Noise_studies/4749D/DARK_BIAS/20170322_165828/'
All images from run processed!
Creating summary file and plot...
Analyzing run 4749D/DARK_DARK/
Analyzing image 1 (1/3)...
Creating outdir '/gpfs/mnt/gpfs01/astro/www/vrastil/TS8_Data_Analysis/Noise_studies/4749D/DARK_DARK/20170322_174903/'
Analyzing image 2 (2/3)...
Creating outdir '/gpfs/mnt/gpfs01/astro/www/vrastil/TS8_Data_Analysis/Noise_studies/4749D/DARK_DARK/20170322_172859/'
Analyzing image 3 (3/3)...
Creating outdir '/gpfs/mnt/gpfs01/astro/www/vrastil/TS8_Data_Analysis/Noise_studies/4749D/DARK_DARK/20170322_171901/'
All images from run processed!
Creating summary file and plot...
Everything done!
Run directory to be analyzed:	/gpfs/mnt/gpfs01/astro/workarea/ccdtest/test/LCA-11021_RTM/LCA-11021_RTM-004_ETU2-Dev/4749D/fe55_raft_acq/
Output will be written to:	/gpfs/mnt/gpfs01/astro/www/vrastil/TS8_Data_Analysis/Noise_studies/
Loading images...
Loaded 20 images (for 2 run(s)) totaling 180 files.
Analyzing run 4749D/FE55_BIAS/
Analyzing image 3 (1/3)...
Creating outdir '/gpfs/mnt/gpfs01/astro/www/vrastil/TS8_Data_Analysis/Noise_studies/4749D/FE55_BIAS/20170322_154654/'
Analyzing image 7 (2/3)...
Creating outdir '/gpfs/mnt/gpfs01/astro/www/vrastil/TS8_Data_Analysis/Noise_studies/4749D/FE55_BIAS/20170322_154518/'
Analyzing image 9 (3/3)...
Creating outdir '/gpfs/mnt/gpfs01/astro/www/vrastil/TS8_Data_Analysis/Noise_studies/4749D/FE55_BIAS/20170322_154431/'
All images from run processed!
Creating summary file and plot...
Analyzing run 4749D/FE55_FE55/
Analyzing image 5 (1/3)...
Creating outdir '/gpfs/mnt/gpfs01/astro/www/vrastil/TS8_Data_Analysis/Noise_studies/4749D/FE55_FE55/20170322_163509/'
Analyzing image 8 (2/3)...
Creating outdir '/gpfs/mnt/gpfs01/astro/www/vrastil/TS8_Data_Analysis/Noise_studies/4749D/FE55_FE55/20170322_161226/'
Analyzing image 9 (3/3)...
Creating outdir '/gpfs/mnt/gpfs01/astro/www/vrastil/TS8_Data_Analysis/Noise_studies/4749D/FE55_FE55/20170322_155522/'
All images from run processed!
Creating summary file and plot...
Everything done!
Run directory to be analyzed:	/gpfs/mnt/gpfs01/astro/workarea/ccdtest/test/LCA-11021_RTM/LCA-11021_RTM-004_ETU2-Dev/4749D/flat_pair_raft_acq/
Output will be written to:	/gpfs/mnt/gpfs01/astro/www/vrastil/TS8_Data_Analysis/Noise_studies/
Loading images...
Loaded 54 images (for 2 run(s)) totaling 486 files.
Analyzing run 4749D/FLAT_BIAS/
Analyzing image 3 (1/3)...
Creating outdir '/gpfs/mnt/gpfs01/astro/www/vrastil/TS8_Data_Analysis/Noise_studies/4749D/FLAT_BIAS/20170322_184630/'
Analyzing image 7 (2/3)...
Creating outdir '/gpfs/mnt/gpfs01/astro/www/vrastil/TS8_Data_Analysis/Noise_studies/4749D/FLAT_BIAS/20170322_194332/'
Analyzing image 16 (3/3)...
Creating outdir '/gpfs/mnt/gpfs01/astro/www/vrastil/TS8_Data_Analysis/Noise_studies/4749D/FLAT_BIAS/20170322_203634/'
All images from run processed!
Creating summary file and plot...
Analyzing run 4749D/FLAT_FLAT/
Analyzing image 5 (1/3)...
Creating outdir '/gpfs/mnt/gpfs01/astro/www/vrastil/TS8_Data_Analysis/Noise_studies/4749D/FLAT_FLAT/20170322_185238/'
Analyzing image 18 (2/3)...
Creating outdir '/gpfs/mnt/gpfs01/astro/www/vrastil/TS8_Data_Analysis/Noise_studies/4749D/FLAT_FLAT/20170322_184238/'
Analyzing image 33 (3/3)...
Creating outdir '/gpfs/mnt/gpfs01/astro/www/vrastil/TS8_Data_Analysis/Noise_studies/4749D/FLAT_FLAT/20170322_195632/'
All images from run processed!
Creating summary file and plot...
Everything done!
